{"level":"info","message":"recieved bob bob@chicken.com"}
{"level":"http","message":"\u001b[0mPOST /addUser \u001b[32m200\u001b[0m 16.515 ms - 25\u001b[0m"}
{"level":"info","message":"home page accesed"}
{"level":"http","message":"\u001b[0mGET / \u001b[32m200\u001b[0m 14.733 ms - 13\u001b[0m"}
{"level":"http","message":"\u001b[0mGET /favicon.ico \u001b[33m404\u001b[0m 7.765 ms - 150\u001b[0m"}
<<<<<<< HEAD
{"level":"info","message":"home page accesed"}
{"level":"http","message":"\u001b[0mGET / \u001b[36m304\u001b[0m 8.930 ms - -\u001b[0m"}
{"level":"http","message":"\u001b[0mGET /api \u001b[36m304\u001b[0m 24.509 ms - -\u001b[0m"}
{"level":"http","message":"\u001b[0mGET /api \u001b[36m304\u001b[0m 2.441 ms - -\u001b[0m"}
{"level":"info","message":"home page accesed"}
{"level":"http","message":"\u001b[0mGET / \u001b[36m304\u001b[0m 29.419 ms - -\u001b[0m"}
{"level":"info","message":"home page accesed"}
{"level":"http","message":"\u001b[0mGET / \u001b[36m304\u001b[0m 2.512 ms - -\u001b[0m"}
{"level":"info","message":"home page accesed"}
{"level":"http","message":"\u001b[0mGET / \u001b[36m304\u001b[0m 2.318 ms - -\u001b[0m"}
{"level":"info","message":"home page accesed"}
{"level":"http","message":"\u001b[0mGET / \u001b[36m304\u001b[0m 8.736 ms - -\u001b[0m"}
{"level":"http","message":"\u001b[0mGET /api/getUsers \u001b[32m200\u001b[0m 235.627 ms - 319\u001b[0m"}
{"level":"http","message":"\u001b[0mGET /api \u001b[36m304\u001b[0m 4.466 ms - -\u001b[0m"}
{"level":"http","message":"\u001b[0mGET /api \u001b[36m304\u001b[0m 1.996 ms - -\u001b[0m"}
{"level":"http","message":"\u001b[0mGET /api \u001b[36m304\u001b[0m 2.753 ms - -\u001b[0m"}
{"level":"http","message":"\u001b[0mGET /api \u001b[36m304\u001b[0m 0.946 ms - -\u001b[0m"}
=======
{"level":"http","message":"\u001b[0mGET /api/getUsers \u001b[32m200\u001b[0m 114.053 ms - 319\u001b[0m"}
>>>>>>> data
{"level":"info","message":"home page accesed"}
<<<<<<< HEAD
{"level":"http","message":"\u001b[0mGET / \u001b[36m304\u001b[0m 11.108 ms - -\u001b[0m"}
{"level":"info","message":"home page accesed"}
{"level":"http","message":"\u001b[0mGET / \u001b[32m200\u001b[0m 16.495 ms - 13\u001b[0m"}
{"level":"http","message":"\u001b[0mGET /login \u001b[33m404\u001b[0m 13.706 ms - 144\u001b[0m"}
{"level":"http","message":"\u001b[0mGET /register \u001b[33m404\u001b[0m 134.145 ms - 147\u001b[0m"}
{"level":"http","message":"\u001b[0mGET /register \u001b[33m404\u001b[0m 8.669 ms - 147\u001b[0m"}
{"level":"info","message":"recieved undefined undefined"}
{"level":"http","message":"\u001b[0mPOST /register \u001b[32m200\u001b[0m 19.723 ms - 25\u001b[0m"}
{"level":"info","message":"recieved undefined undefined"}
{"level":"http","message":"\u001b[0mPOST /register \u001b[32m200\u001b[0m 9.157 ms - 25\u001b[0m"}
{"level":"info","message":"recieved undefined undefined"}
{"level":"http","message":"\u001b[0mPOST /register \u001b[32m200\u001b[0m 5.746 ms - 25\u001b[0m"}
{"level":"info","message":"recieved undefined undefined"}
{"level":"http","message":"\u001b[0mPOST /register \u001b[32m200\u001b[0m 10.561 ms - 25\u001b[0m"}
{"level":"info","message":"recieved undefined undefined"}
{"level":"http","message":"\u001b[0mPOST /register \u001b[32m200\u001b[0m 8.200 ms - 25\u001b[0m"}
{"level":"info","message":"recieved undefined undefined"}
{"level":"http","message":"\u001b[0mPOST /register \u001b[32m200\u001b[0m 9.167 ms - 25\u001b[0m"}
{"level":"info","message":"recieved undefined undefined"}
{"level":"http","message":"\u001b[0mPOST /register \u001b[32m200\u001b[0m 7.029 ms - 25\u001b[0m"}
{"level":"http","message":"\u001b[0mPOST /register \u001b[33m404\u001b[0m 9.305 ms - 148\u001b[0m"}
{"level":"http","message":"\u001b[0mPOST /auth/register \u001b[31m500\u001b[0m 11.240 ms - 35\u001b[0m"}
{"level":"http","message":"\u001b[0mPOST /auth/register \u001b[31m500\u001b[0m 15.045 ms - 35\u001b[0m"}
{"level":"http","message":"\u001b[0mPOST /auth/register \u001b[31m500\u001b[0m 11.751 ms - 35\u001b[0m"}
{"level":"http","message":"\u001b[0mPOST /auth/register \u001b[31m500\u001b[0m 111.067 ms - 35\u001b[0m"}
{"level":"http","message":"\u001b[0mPOST /auth/register \u001b[32m200\u001b[0m 98.943 ms - 168\u001b[0m"}
{"level":"http","message":"\u001b[0mPOST /auth/register \u001b[31m500\u001b[0m 168.948 ms - 35\u001b[0m"}
{"level":"http","message":"\u001b[0mPOST /auth/register \u001b[31m500\u001b[0m 98.599 ms - 35\u001b[0m"}
{"level":"http","message":"\u001b[0mPOST /auth/register \u001b[31m500\u001b[0m 91.232 ms - 35\u001b[0m"}
{"level":"http","message":"\u001b[0mPOST /auth/register \u001b[31m500\u001b[0m 94.934 ms - 35\u001b[0m"}
{"level":"http","message":"\u001b[0mGET /getUser \u001b[33m404\u001b[0m 23.119 ms - 146\u001b[0m"}
{"level":"http","message":"\u001b[0mGET /api/getUsers \u001b[33m404\u001b[0m 7.593 ms - 151\u001b[0m"}
{"level":"http","message":"\u001b[0mPOST /auth/register \u001b[31m500\u001b[0m 22.375 ms - 35\u001b[0m"}
{"level":"http","message":"\u001b[0mPOST /auth/register \u001b[31m500\u001b[0m 11.759 ms - 35\u001b[0m"}
{"level":"http","message":"\u001b[0mPOST /auth/register \u001b[31m500\u001b[0m 34.217 ms - 35\u001b[0m"}
{"level":"http","message":"\u001b[0mPOST /auth/register \u001b[31m500\u001b[0m 28.227 ms - 35\u001b[0m"}
{"level":"http","message":"\u001b[0mPOST /auth/register \u001b[31m500\u001b[0m 24.762 ms - 35\u001b[0m"}
{"level":"http","message":"\u001b[0mPOST /auth/register \u001b[31m500\u001b[0m 33.235 ms - 35\u001b[0m"}
{"level":"http","message":"\u001b[0mPOST /auth/register \u001b[31m500\u001b[0m 33.442 ms - 35\u001b[0m"}
{"level":"http","message":"\u001b[0mPOST /auth/register \u001b[31m500\u001b[0m 24.724 ms - 35\u001b[0m"}
{"level":"http","message":"\u001b[0mPOST /login?userName=%27hanseway001%27&password=bla2 \u001b[31m500\u001b[0m 10.416 ms - 1321\u001b[0m"}
{"level":"http","message":"\u001b[0mPOST /login?userName=%27hanseway001%27&password=bla2 \u001b[31m500\u001b[0m 5.230 ms - 1321\u001b[0m"}
{"level":"http","message":"\u001b[0mPOST /login?username=%27hanseway001%27&password=bla2 \u001b[33m404\u001b[0m 3.150 ms - 145\u001b[0m"}
{"level":"http","message":"\u001b[0mPOST /login \u001b[31m500\u001b[0m 47.808 ms - 1321\u001b[0m"}
{"level":"http","message":"\u001b[0mPOST /auth/register \u001b[31m500\u001b[0m 24.807 ms - 35\u001b[0m"}
{"level":"http","message":"\u001b[0mPOST /auth/register \u001b[31m500\u001b[0m 24.526 ms - 35\u001b[0m"}
{"level":"http","message":"\u001b[0mPOST /auth/register \u001b[31m500\u001b[0m 4.567 ms - 35\u001b[0m"}
{"level":"http","message":"\u001b[0mPOST /auth/register \u001b[31m500\u001b[0m 5.100 ms - 35\u001b[0m"}
{"level":"http","message":"\u001b[0mPOST /auth/register \u001b[31m500\u001b[0m 11.063 ms - 35\u001b[0m"}
{"level":"http","message":"\u001b[0mPOST /auth/register \u001b[31m500\u001b[0m 13.466 ms - 35\u001b[0m"}
{"level":"http","message":"\u001b[0mPOST /auth/register \u001b[31m500\u001b[0m 29.733 ms - 35\u001b[0m"}
{"level":"http","message":"\u001b[0mPOST /auth/register \u001b[31m500\u001b[0m 23.287 ms - 35\u001b[0m"}
{"level":"http","message":"\u001b[0mPOST /auth/register \u001b[31m500\u001b[0m 4.355 ms - 35\u001b[0m"}
{"level":"http","message":"\u001b[0mPOST /login?username=%27hanseway001%27&password=bla2 \u001b[31m500\u001b[0m 3.997 ms - 1321\u001b[0m"}
{"level":"http","message":"\u001b[0mPOST /login?username=%27hanseway001%27&password=bla2 \u001b[31m500\u001b[0m 8.843 ms - 1321\u001b[0m"}
{"level":"http","message":"\u001b[0mPOST /auth/register \u001b[32m200\u001b[0m 114.798 ms - 165\u001b[0m"}
{"level":"http","message":"\u001b[0mPOST /auth/register \u001b[31m500\u001b[0m 18.050 ms - 35\u001b[0m"}
{"level":"http","message":"\u001b[0mPOST /auth/register \u001b[31m500\u001b[0m 3.546 ms - 35\u001b[0m"}
{"level":"http","message":"\u001b[0mPOST /auth/register \u001b[31m500\u001b[0m 8.977 ms - 35\u001b[0m"}
{"level":"http","message":"\u001b[0mPOST /auth/register \u001b[32m200\u001b[0m 115.721 ms - 165\u001b[0m"}
{"level":"http","message":"\u001b[0mPOST /auth/register \u001b[31m500\u001b[0m 20.938 ms - 35\u001b[0m"}
{"level":"http","message":"\u001b[0mPOST /auth/register \u001b[31m500\u001b[0m 9.734 ms - 35\u001b[0m"}
{"level":"http","message":"\u001b[0mPOST /auth/register \u001b[32m200\u001b[0m 84.511 ms - 165\u001b[0m"}
{"level":"http","message":"\u001b[0mPOST /auth/register \u001b[31m500\u001b[0m 135.508 ms - 35\u001b[0m"}
{"level":"http","message":"\u001b[0mPOST /auth/register \u001b[31m500\u001b[0m 145.550 ms - 35\u001b[0m"}
{"level":"http","message":"\u001b[0mPOST /auth/register \u001b[31m500\u001b[0m 147.558 ms - 35\u001b[0m"}
{"level":"http","message":"\u001b[0mPOST /auth/register \u001b[31m500\u001b[0m 123.085 ms - 35\u001b[0m"}
{"level":"http","message":"\u001b[0mPOST /auth/register \u001b[31m500\u001b[0m 157.307 ms - 35\u001b[0m"}
{"level":"http","message":"\u001b[0mPOST /auth/register \u001b[32m200\u001b[0m 132.377 ms - 161\u001b[0m"}
{"level":"http","message":"\u001b[0mPOST /auth/register \u001b[31m500\u001b[0m 118.619 ms - 35\u001b[0m"}
{"level":"http","message":"\u001b[0mPOST /auth/register \u001b[31m500\u001b[0m 151.522 ms - 35\u001b[0m"}
{"level":"http","message":"\u001b[0mPOST /auth/register \u001b[31m500\u001b[0m 193.339 ms - 35\u001b[0m"}
{"level":"http","message":"\u001b[0mPOST /auth/register \u001b[31m500\u001b[0m 113.738 ms - 35\u001b[0m"}
{"level":"http","message":"\u001b[0mPOST /auth/register \u001b[31m500\u001b[0m 118.208 ms - 35\u001b[0m"}
{"level":"http","message":"\u001b[0mPOST /auth/register \u001b[31m500\u001b[0m 123.998 ms - 35\u001b[0m"}
{"level":"http","message":"\u001b[0mPOST /auth/register \u001b[31m500\u001b[0m 114.754 ms - 35\u001b[0m"}
{"level":"http","message":"\u001b[0mPOST /auth/register \u001b[31m500\u001b[0m 112.704 ms - 35\u001b[0m"}
{"level":"http","message":"\u001b[0mPOST /auth/register \u001b[31m500\u001b[0m 166.660 ms - 35\u001b[0m"}
{"level":"http","message":"\u001b[0mPOST /auth/register \u001b[31m500\u001b[0m 119.025 ms - 35\u001b[0m"}
{"level":"http","message":"\u001b[0mPOST /auth/register \u001b[31m500\u001b[0m 196.530 ms - 35\u001b[0m"}
{"level":"http","message":"\u001b[0mPOST /auth/register \u001b[32m200\u001b[0m 146.342 ms - 163\u001b[0m"}
{"level":"http","message":"\u001b[0mPOST /auth/register \u001b[32m200\u001b[0m 116.549 ms - 163\u001b[0m"}
{"level":"http","message":"\u001b[0mPOST /auth/register \u001b[32m200\u001b[0m 107.450 ms - 163\u001b[0m"}
{"level":"http","message":"\u001b[0mPOST /login \u001b[31m500\u001b[0m 113.719 ms - 1351\u001b[0m"}
{"level":"http","message":"\u001b[0mPOST /auth/register \u001b[32m200\u001b[0m 173.018 ms - 163\u001b[0m"}
{"level":"http","message":"\u001b[0mPOST /login \u001b[31m500\u001b[0m 8.427 ms - 1351\u001b[0m"}
{"level":"http","message":"\u001b[0mPOST /login \u001b[33m404\u001b[0m 19.368 ms - 145\u001b[0m"}
{"level":"http","message":"\u001b[0mPOST /auth/login \u001b[31m500\u001b[0m 20.664 ms - 35\u001b[0m"}
{"level":"http","message":"\u001b[0mPOST /auth/login \u001b[31m500\u001b[0m 55.306 ms - 35\u001b[0m"}
{"level":"http","message":"\u001b[0mPOST /auth/login \u001b[31m500\u001b[0m 38.845 ms - 35\u001b[0m"}
{"level":"http","message":"\u001b[0mPOST /login \u001b[33m404\u001b[0m 94.021 ms - 145\u001b[0m"}
{"level":"http","message":"\u001b[0mPOST /auth/login \u001b[31m500\u001b[0m 178.565 ms - 35\u001b[0m"}
{"level":"http","message":"\u001b[0mPOST /auth/login \u001b[31m500\u001b[0m 57.309 ms - 35\u001b[0m"}
{"level":"http","message":"\u001b[0mPOST /auth/login \u001b[32m200\u001b[0m 202.332 ms - 140\u001b[0m"}
{"level":"http","message":"\u001b[0mPOST /auth/login \u001b[33m401\u001b[0m 127.603 ms - -\u001b[0m"}
{"level":"http","message":"\u001b[0mPOST /auth/login \u001b[33m401\u001b[0m 121.064 ms - -\u001b[0m"}
{"level":"http","message":"\u001b[0mPOST /auth/login \u001b[33m401\u001b[0m 79.163 ms - -\u001b[0m"}
{"level":"http","message":"\u001b[0mPOST /auth/login \u001b[32m200\u001b[0m 122.848 ms - 140\u001b[0m"}
{"level":"http","message":"\u001b[0mPOST /auth/login \u001b[33m401\u001b[0m 206.050 ms - -\u001b[0m"}
{"level":"http","message":"\u001b[0mPOST /api/login \u001b[33m400\u001b[0m 36.863 ms - -\u001b[0m"}
{"level":"http","message":"\u001b[0mPOST /api/login \u001b[33m400\u001b[0m 7.895 ms - -\u001b[0m"}
{"level":"http","message":"\u001b[0mPOST /api/login \u001b[33m400\u001b[0m 6.795 ms - -\u001b[0m"}
{"level":"http","message":"\u001b[0mPOST /api/login \u001b[33m401\u001b[0m 148.156 ms - -\u001b[0m"}
{"level":"http","message":"\u001b[0mPOST /api/login \u001b[32m200\u001b[0m 124.018 ms - 140\u001b[0m"}
{"level":"http","message":"\u001b[0mGET /getUser \u001b[33m404\u001b[0m 9.089 ms - 146\u001b[0m"}
{"level":"http","message":"\u001b[0mPOST /api/login \u001b[32m200\u001b[0m 179.411 ms - 140\u001b[0m"}
{"level":"http","message":"\u001b[0mPOST /api/login \u001b[33m400\u001b[0m 1.788 ms - -\u001b[0m"}
{"level":"http","message":"\u001b[0mPOST /api/login \u001b[32m200\u001b[0m 120.521 ms - 140\u001b[0m"}
{"level":"http","message":"\u001b[0mPOST /api/login \u001b[33m400\u001b[0m 2.999 ms - -\u001b[0m"}
{"level":"http","message":"\u001b[0mPOST /api/login \u001b[33m400\u001b[0m 1.585 ms - -\u001b[0m"}
{"level":"http","message":"\u001b[0mPOST /api/login \u001b[33m400\u001b[0m 1.284 ms - -\u001b[0m"}
{"level":"http","message":"\u001b[0mGET /api \u001b[36m304\u001b[0m 35.029 ms - -\u001b[0m"}
{"level":"http","message":"\u001b[0mGET /login \u001b[33m404\u001b[0m 17.722 ms - 144\u001b[0m"}
{"level":"http","message":"\u001b[0mGET /login \u001b[33m404\u001b[0m 3.121 ms - 144\u001b[0m"}
{"level":"http","message":"\u001b[0mGET /login \u001b[33m404\u001b[0m 3.429 ms - 144\u001b[0m"}
{"level":"http","message":"\u001b[0mOPTIONS /api/login \u001b[32m200\u001b[0m 7.903 ms - 4\u001b[0m"}
{"level":"http","message":"\u001b[0mPOST /api/login \u001b[33m401\u001b[0m 170.705 ms - -\u001b[0m"}
{"level":"http","message":"\u001b[0mPOST /api/login \u001b[32m200\u001b[0m 121.337 ms - 140\u001b[0m"}
{"level":"http","message":"\u001b[0mOPTIONS /api/login \u001b[32m200\u001b[0m 4.392 ms - 4\u001b[0m"}
{"level":"http","message":"\u001b[0mOPTIONS /api/login \u001b[32m204\u001b[0m 1.968 ms - 0\u001b[0m"}
{"level":"http","message":"\u001b[0mPOST /api/login \u001b[33m400\u001b[0m 27.359 ms - -\u001b[0m"}
{"level":"http","message":"\u001b[0mOPTIONS /api/login \u001b[32m204\u001b[0m 1.271 ms - 0\u001b[0m"}
{"level":"http","message":"\u001b[0mPOST /api/login \u001b[33m400\u001b[0m 21.154 ms - -\u001b[0m"}
{"level":"http","message":"\u001b[0mPOST /api/login \u001b[33m400\u001b[0m 25.342 ms - -\u001b[0m"}
{"level":"http","message":"\u001b[0mPOST /api/login \u001b[33m400\u001b[0m 3.154 ms - -\u001b[0m"}
{"level":"http","message":"\u001b[0mPOST /api/login \u001b[33m400\u001b[0m 3.341 ms - -\u001b[0m"}
{"level":"http","message":"\u001b[0mPOST /api/login \u001b[33m400\u001b[0m 1.399 ms - -\u001b[0m"}
{"level":"http","message":"\u001b[0mPOST /api/login \u001b[33m400\u001b[0m 2.220 ms - -\u001b[0m"}
{"level":"http","message":"\u001b[0mPOST /api/login \u001b[33m400\u001b[0m 2.728 ms - -\u001b[0m"}
{"level":"http","message":"\u001b[0mPOST /api/login \u001b[32m200\u001b[0m 191.550 ms - 140\u001b[0m"}
{"level":"http","message":"\u001b[0mPOST /api/login \u001b[33m401\u001b[0m 29.643 ms - -\u001b[0m"}
{"level":"http","message":"\u001b[0mOPTIONS /api/login \u001b[32m204\u001b[0m 2.879 ms - 0\u001b[0m"}
{"level":"http","message":"\u001b[0mPOST /api/login \u001b[33m400\u001b[0m 10.396 ms - -\u001b[0m"}
{"level":"http","message":"\u001b[0mOPTIONS /api/login \u001b[32m204\u001b[0m 0.522 ms - 0\u001b[0m"}
{"level":"http","message":"\u001b[0mPOST /api/login \u001b[33m400\u001b[0m 25.448 ms - -\u001b[0m"}
{"level":"http","message":"\u001b[0mPOST /api/login \u001b[33m400\u001b[0m 3.551 ms - -\u001b[0m"}
{"level":"http","message":"\u001b[0mPOST /api/login \u001b[33m400\u001b[0m 32.738 ms - -\u001b[0m"}
{"level":"http","message":"combine"}
{"level":"http","message":"::1 - - [25/Jul/2023:14:36:14 +0000] \"POST /api/login HTTP/1.1\" 400 - \"http://localhost:5173/\" \"Mozilla/5.0 (Macintosh; Intel Mac OS X 10_15_7) AppleWebKit/537.36 (KHTML, like Gecko) Chrome/114.0.0.0 Safari/537.36\""}
{"level":"http","message":"::1 - - [25/Jul/2023:14:37:49 +0000] \"POST /api/login HTTP/1.1\" 200 140 \"http://localhost:5173/\" \"Mozilla/5.0 (Macintosh; Intel Mac OS X 10_15_7) AppleWebKit/537.36 (KHTML, like Gecko) Chrome/114.0.0.0 Safari/537.36\""}
{"level":"http","message":"::1 - - [25/Jul/2023:14:38:37 +0000] \"POST /api/login HTTP/1.1\" 200 140 \"http://localhost:5173/\" \"Mozilla/5.0 (Macintosh; Intel Mac OS X 10_15_7) AppleWebKit/537.36 (KHTML, like Gecko) Chrome/114.0.0.0 Safari/537.36\""}
{"level":"http","message":"::1 - - [25/Jul/2023:14:39:22 +0000] \"POST /api/login HTTP/1.1\" 200 140 \"http://localhost:5173/\" \"Mozilla/5.0 (Macintosh; Intel Mac OS X 10_15_7) AppleWebKit/537.36 (KHTML, like Gecko) Chrome/114.0.0.0 Safari/537.36\""}
{"level":"http","message":"::1 - - [25/Jul/2023:15:23:51 +0000] \"POST /api/login HTTP/1.1\" 200 140 \"http://localhost:5173/\" \"Mozilla/5.0 (Macintosh; Intel Mac OS X 10_15_7) AppleWebKit/537.36 (KHTML, like Gecko) Chrome/114.0.0.0 Safari/537.36\""}
=======
{"level":"http","message":"\u001b[0mGET / \u001b[32m200\u001b[0m 15.737 ms - 13\u001b[0m"}
>>>>>>> data
